<?xml version='1.0' encoding='UTF-8'?>
<testsuite hostname="ABCDEFG" name="TestSuite" tests="6" errors="0" failures="0" skipped="0" time="34.252" timestamp="2024-10-07T15:28:46">
          <properties>
      <property name="java.specification.version" value="17"/><property name="sun.cpu.isalist" value="amd64"/><property name="sun.jnu.encoding" value="MS949"/><property name="sun.arch.data.model" value="64"/><property name="java.vendor.url" value="https://adoptium.net/"/><property name="sun.boot.library.path" value="C:\Users\hdchr\AppData\Local\Programs\Eclipse Adoptium\jdk-17.0.9.9-hotspot\bin"/><property name="sun.java.command" value="xsbt.boot.Boot test"/><property name="jdk.debug" value="release"/><property name="sun.stderr.encoding" value="ms949"/><property name="java.specification.vendor" value="Oracle Corporation"/><property name="java.version.date" value="2023-10-17"/><property name="java.home" value="C:\Users\hdchr\AppData\Local\Programs\Eclipse Adoptium\jdk-17.0.9.9-hotspot"/><property name="file.separator" value="\"/><property name="java.vm.compressedOopsMode" value="32-bit"/><property name="line.separator" value="
"/><property name="sun.stdout.encoding" value="ms949"/><property name="java.vm.specification.vendor" value="Oracle Corporation"/><property name="java.specification.name" value="Java Platform API Specification"/><property name="user.script" value=""/><property name="sun.management.compiler" value="HotSpot 64-Bit Tiered Compilers"/><property name="java.runtime.version" value="17.0.9+9"/><property name="user.name" value="hdchr"/><property name="log4j.ignoreTCL" value="true"/><property name="file.encoding" value="UTF-8"/><property name="jnidispatch.path" value="C:\Users\hdchr\AppData\Local\Temp\jna-99123761\jna11915354575462594201.dll"/><property name="java.vendor.version" value="Temurin-17.0.9+9"/><property name="jna.loaded" value="true"/><property name="java.io.tmpdir" value="C:\Users\hdchr\AppData\Local\Temp\"/><property name="java.version" value="17.0.9"/><property name="java.vm.specification.name" value="Java Virtual Machine Specification"/><property name="sun.os.patch.level" value=""/><property name="native.encoding" value="MS949"/><property name="java.library.path" value="C:\Users\hdchr\AppData\Local\Programs\Eclipse Adoptium\jdk-17.0.9.9-hotspot\bin;C:\WINDOWS\Sun\Java\bin;C:\WINDOWS\system32;C:\WINDOWS;C:\Users\hdchr\AppData\Local\Programs\Eclipse Adoptium\jdk-17.0.9.9-hotspot\\bin;C:\Python312\Scripts\;C:\Python312\;C:\WINDOWS\system32;C:\WINDOWS;C:\WINDOWS\System32\Wbem;C:\WINDOWS\System32\WindowsPowerShell\v1.0\;C:\WINDOWS\System32\OpenSSH\;C:\Program Files\Git\cmd;C:\ProgramData\chocolatey\bin;C:\Program Files\Amazon\AWSCLIV2\;C:\Program Files\Docker\Docker\resources\bin;C:\ProgramData\DockerDesktop\version-bin;C:\Program Files\nodejs\;C:\Users\hdchr\AppData\Local\Programs\Eclipse Adoptium\jdk-17.0.9.9-hotspot\bin;C:\Users\hdchr\AppData\Local\Programs\Python\Python310\Scripts\;C:\Users\hdchr\AppData\Local\Programs\Python\Python310\;C:\Users\hdchr\AppData\Local\Microsoft\WindowsApps;;C:\Users\hdchr\AppData\Local\Programs\Microsoft VS Code\bin;C:\Program Files\JetBrains\IntelliJ IDEA 2022.1.3\bin;;C:\Program Files\JetBrains\PyCharm 2022.1.3\bin;;C:\Program Files\JetBrains\WebStorm 2022.1.3\bin;;C:\Program Files\JetBrains\CLion 2022.2.1\bin;;C:\Users\hdchr\AppData\Roaming\npm;C:\Users\hdchr\AppData\Local\Coursier\data\bin;."/><property name="java.vendor" value="Eclipse Adoptium"/><property name="scala.ext.dirs" value="C:\Users\hdchr\.sbt\1.0\java9-rt-ext-eclipse_adoptium_17_0_9"/><property name="sun.io.unicode.encoding" value="UnicodeLittle"/><property name="java.class.path" value="C:\Users\hdchr\AppData\Local\Coursier\cache\arc\https\github.com\sbt\sbt\releases\download\v1.10.1\sbt-1.10.1.zip\sbt\bin\sbt-launch.jar"/><property name="java.vm.vendor" value="Eclipse Adoptium"/><property name="user.variant" value=""/><property name="jline.shutdownhook" value="false"/><property name="user.timezone" value="Asia/Seoul"/><property name="java.vm.specification.version" value="17"/><property name="os.name" value="Windows 11"/><property name="sun.java.launcher" value="SUN_STANDARD"/><property name="user.country" value="KR"/><property name="sun.cpu.endian" value="little"/><property name="user.home" value="C:\Users\hdchr"/><property name="user.language" value="ko"/><property name="sbt.ipcsocket.tmpdir" value="C:\Users\hdchr\AppData\Local\Temp\.sbt11a2311f\ipcsocket"/><property name="swoval.tmpdir" value="C:\Users\hdchr\AppData\Local\Temp\.sbt11a2311f\swoval"/><property name="jline.esc.timeout" value="0"/><property name="path.separator" value=";"/><property name="os.version" value="10.0"/><property name="jna.nosys" value="true"/><property name="java.runtime.name" value="OpenJDK Runtime Environment"/><property name="java.vm.name" value="OpenJDK 64-Bit Server VM"/><property name="java.vendor.url.bug" value="https://github.com/adoptium/adoptium-support/issues"/><property name="user.dir" value="C:\pp-assignment-1"/><property name="os.arch" value="amd64"/><property name="java.vm.info" value="mixed mode, sharing"/><property name="java.vm.version" value="17.0.9+9"/><property name="java.class.version" value="61.0"/>
    </properties>
          <testcase classname="TestSuite" name="problem 1-1" time="0.016">
                      
                    </testcase><testcase classname="TestSuite" name="problem 1-2" time="7.141">
                      
                    </testcase><testcase classname="TestSuite" name="problem 2" time="0.006">
                      
                    </testcase><testcase classname="TestSuite" name="problem 3-1" time="7.012">
                      
                    </testcase><testcase classname="TestSuite" name="problem 3-2" time="9.876">
                      
                    </testcase><testcase classname="TestSuite" name="problem 3-3" time="10.201">
                      
                    </testcase>
          <system-out><![CDATA[]]></system-out>
          <system-err><![CDATA[]]></system-err>
        </testsuite>